<?xml version="1.0" encoding="UTF-8" ?>
<testsuite errors="0" failures="0" hostname="daves-mbp-2.local" name="ca.daverooney.workshop.microtesting.ProductTest" skipped="0" tests="5" time="0.382" timestamp="2015-02-18T17:55:57">
  <properties>
    <property name="java.vendor" value="Oracle Corporation" />
    <property name="sun.java.launcher" value="SUN_STANDARD" />
    <property name="sun.management.compiler" value="HotSpot 64-Bit Tiered Compilers" />
    <property name="os.name" value="Mac OS X" />
    <property name="sun.boot.class.path" value="/Library/Java/JavaVirtualMachines/jdk1.7.0_51.jdk/Contents/Home/jre/lib/resources.jar:/Library/Java/JavaVirtualMachines/jdk1.7.0_51.jdk/Contents/Home/jre/lib/rt.jar:/Library/Java/JavaVirtualMachines/jdk1.7.0_51.jdk/Contents/Home/jre/lib/sunrsasign.jar:/Library/Java/JavaVirtualMachines/jdk1.7.0_51.jdk/Contents/Home/jre/lib/jsse.jar:/Library/Java/JavaVirtualMachines/jdk1.7.0_51.jdk/Contents/Home/jre/lib/jce.jar:/Library/Java/JavaVirtualMachines/jdk1.7.0_51.jdk/Contents/Home/jre/lib/charsets.jar:/Library/Java/JavaVirtualMachines/jdk1.7.0_51.jdk/Contents/Home/jre/lib/jfr.jar:/Library/Java/JavaVirtualMachines/jdk1.7.0_51.jdk/Contents/Home/jre/classes" />
    <property name="user.country.format" value="CA" />
    <property name="ant.file.type.Microtesting Example" value="file" />
    <property name="java.vm.specification.vendor" value="Oracle Corporation" />
    <property name="ant.home" value="/Users/daverooneyca/tools/apache-ant" />
    <property name="java.runtime.version" value="1.7.0_51-b13" />
    <property name="user.name" value="daverooneyca" />
    <property name="user.language" value="en" />
    <property name="sun.boot.library.path" value="/Library/Java/JavaVirtualMachines/jdk1.7.0_51.jdk/Contents/Home/jre/lib" />
    <property name="ant.project.default-target" value="test" />
    <property name="ant.project.name" value="Microtesting Example" />
    <property name="java.version" value="1.7.0_51" />
    <property name="user.timezone" value="" />
    <property name="sun.arch.data.model" value="64" />
    <property name="http.nonProxyHosts" value="local|*.local|169.254/16|*.169.254/16" />
    <property name="java.endorsed.dirs" value="/Library/Java/JavaVirtualMachines/jdk1.7.0_51.jdk/Contents/Home/jre/lib/endorsed" />
    <property name="sun.cpu.isalist" value="" />
    <property name="sun.jnu.encoding" value="UTF-8" />
    <property name="file.encoding.pkg" value="sun.io" />
    <property name="file.separator" value="/" />
    <property name="java.specification.name" value="Java Platform API Specification" />
    <property name="java.class.version" value="51.0" />
    <property name="user.country" value="US" />
    <property name="java.home" value="/Library/Java/JavaVirtualMachines/jdk1.7.0_51.jdk/Contents/Home/jre" />
    <property name="java.vm.info" value="mixed mode" />
    <property name="ant.file" value="/Users/daverooneyca/Code/Java/workspace/Microtesting Example/build.xml" />
    <property name="os.version" value="10.9.5" />
    <property name="path.separator" value=":" />
    <property name="java.vm.version" value="24.51-b03" />
    <property name="ant.library.dir" value="/Users/daverooneyca/tools/apache-ant/lib" />
    <property name="junit.output.dir" value="junit" />
    <property name="java.awt.printerjob" value="sun.lwawt.macosx.CPrinterJob" />
    <property name="sun.io.unicode.encoding" value="UnicodeBig" />
    <property name="awt.toolkit" value="sun.lwawt.macosx.LWCToolkit" />
    <property name="socksNonProxyHosts" value="local|*.local|169.254/16|*.169.254/16" />
    <property name="ftp.nonProxyHosts" value="local|*.local|169.254/16|*.169.254/16" />
    <property name="user.home" value="/Users/daverooneyca" />
    <property name="target" value="1.7" />
    <property name="java.specification.vendor" value="Oracle Corporation" />
    <property name="java.library.path" value="/usr/local/oracle/product/instantclient_64/11.2.0.4.0/lib:/Users/daverooneyca/instantclient/lib:/Users/daverooneyca/Library/Java/Extensions:/Library/Java/Extensions:/Network/Library/Java/Extensions:/System/Library/Java/Extensions:/usr/lib/java:." />
    <property name="java.vendor.url" value="http://java.oracle.com/" />
    <property name="java.vm.vendor" value="Oracle Corporation" />
    <property name="gopherProxySet" value="false" />
    <property name="java.runtime.name" value="Java(TM) SE Runtime Environment" />
    <property name="sun.java.command" value="org.apache.tools.ant.taskdefs.optional.junit.JUnitTestRunner ca.daverooney.workshop.microtesting.ProductTest skipNonTests=false filtertrace=true haltOnError=false haltOnFailure=false formatter=org.apache.tools.ant.taskdefs.optional.junit.OutErrSummaryJUnitResultFormatter showoutput=false outputtoformatters=true logfailedtests=true threadid=0 logtestlistenerevents=false formatter=org.apache.tools.ant.taskdefs.optional.junit.XMLJUnitResultFormatter,/Users/daverooneyca/Code/Java/workspace/Microtesting Example/junit/TEST-ca.daverooney.workshop.microtesting.ProductTest.xml crashfile=/Users/daverooneyca/Code/Java/workspace/Microtesting Example/junitvmwatcher9182991650755985529.properties propsfile=/Users/daverooneyca/Code/Java/workspace/Microtesting Example/junit2441342325392575313.properties" />
    <property name="java.class.path" value="/Users/daverooneyca/Code/Java/workspace/Microtesting Example/bin:/Users/daverooneyca/Code/Java/workspace/Microtesting Example/lib/mysql-connector-java-5.1.34-bin.jar:/Users/daverooneyca/Code/Java/workspace/Microtesting Example/lib-test/hamcrest-core-1.3.jar:/Users/daverooneyca/Code/Java/workspace/Microtesting Example/lib-test/junit-4.12.jar:/Users/daverooneyca/Code/Java/workspace/Microtesting Example/lib-test/mockito-all-1.9.5.jar:/Users/daverooneyca/tools/apache-ant/lib:/Users/daverooneyca/tools/apache-ant-1.9.4/lib/ant-launcher.jar:/Users/daverooneyca/tools/apache-ant/lib/ant.jar:/Users/daverooneyca/tools/apache-ant/lib/ant-junit.jar:/Users/daverooneyca/tools/apache-ant/lib/ant-junit4.jar" />
    <property name="ant.version" value="Apache Ant(TM) version 1.9.4 compiled on April 29 2014" />
    <property name="java.vm.specification.name" value="Java Virtual Machine Specification" />
    <property name="ant.file.type" value="file" />
    <property name="java.vm.specification.version" value="1.7" />
    <property name="sun.cpu.endian" value="little" />
    <property name="sun.os.patch.level" value="unknown" />
    <property name="debuglevel" value="source,lines,vars" />
    <property name="java.io.tmpdir" value="/var/folders/rq/04pttvhs5ys7fc0q5scr0ndm0000gn/T/" />
    <property name="java.vendor.url.bug" value="http://bugreport.sun.com/bugreport/" />
    <property name="os.arch" value="x86_64" />
    <property name="java.awt.graphicsenv" value="sun.awt.CGraphicsEnvironment" />
    <property name="java.ext.dirs" value="/Users/daverooneyca/Library/Java/Extensions:/Library/Java/JavaVirtualMachines/jdk1.7.0_51.jdk/Contents/Home/jre/lib/ext:/Library/Java/Extensions:/Network/Library/Java/Extensions:/System/Library/Java/Extensions:/usr/lib/java" />
    <property name="ant.file.Microtesting Example" value="/Users/daverooneyca/Code/Java/workspace/Microtesting Example/build.xml" />
    <property name="user.dir" value="/Users/daverooneyca/Code/Java/workspace/Microtesting Example" />
    <property name="line.separator" value="&#xa;" />
    <property name="java.vm.name" value="Java HotSpot(TM) 64-Bit Server VM" />
    <property name="basedir" value="/Users/daverooneyca/Code/Java/workspace/Microtesting Example" />
    <property name="ant.java.version" value="1.7" />
    <property name="ant.core.lib" value="/Users/daverooneyca/tools/apache-ant/lib/ant.jar" />
    <property name="source" value="1.7" />
    <property name="file.encoding" value="UTF-8" />
    <property name="java.specification.version" value="1.7" />
    <property name="ant.project.invoked-targets" value="junitreport" />
  </properties>
  <testcase classname="ca.daverooney.workshop.microtesting.ProductTest" name="testKnownDataSet" time="0.004" />
  <testcase classname="ca.daverooney.workshop.microtesting.ProductTest" name="testGetInStockProductsShouldOnlyHaveNoProductsWithQuantityZero" time="0.0" />
  <testcase classname="ca.daverooney.workshop.microtesting.ProductTest" name="testGetKnownProductShouldReturnThatProduct" time="0.279" />
  <testcase classname="ca.daverooney.workshop.microtesting.ProductTest" name="testCreateAddsANewProduct" time="0.015" />
  <testcase classname="ca.daverooney.workshop.microtesting.ProductTest" name="testGetAllProductsShouldReturnAllProducts" time="0.0" />
  <system-out><![CDATA[]]></system-out>
  <system-err><![CDATA[]]></system-err>
</testsuite>
